Loaded model ../../models/FaceAnti/mobilenetv2-1_0_0005.params
Adjust learning rate to 4.067644e-02 for epoch 5
Epoch[5] Train-accuracy=0.984543
Epoch[5] Time cost=34.450
Epoch[5] Validation-accuracy=0.865625
Epoch[6] Train-accuracy=0.984879
Epoch[6] Time cost=33.414
Epoch[6] Validation-accuracy=0.892188
Epoch[7] Train-accuracy=0.987735
Epoch[7] Time cost=33.570
Epoch[7] Validation-accuracy=0.878125
Epoch[8] Train-accuracy=0.987735
Epoch[8] Time cost=33.593
Epoch[8] Validation-accuracy=0.851562
Epoch[9] Train-accuracy=0.987399
Epoch[9] Time cost=33.724
Epoch[9] Validation-accuracy=0.882812
Epoch[10] Train-accuracy=0.992440
Epoch[10] Time cost=33.757
Epoch[10] Validation-accuracy=0.884375
Epoch[11] Train-accuracy=0.994288
Epoch[11] Time cost=33.746
Epoch[11] Validation-accuracy=0.879687
Epoch[12] Train-accuracy=0.992776
Epoch[12] Time cost=33.764
Epoch[12] Validation-accuracy=0.893750
Epoch[13] Train-accuracy=0.990423
Epoch[13] Time cost=33.756
Epoch[13] Validation-accuracy=0.900000
Epoch[14] Train-accuracy=0.992272
Epoch[14] Time cost=33.788
Epoch[14] Validation-accuracy=0.900000
Saved checkpoint to "../../models/FaceAnti/mobilenetv2-1_0-0006.params"
Epoch[15] Train-accuracy=0.993448
Epoch[15] Time cost=34.382
Epoch[15] Validation-accuracy=0.871875
Epoch[16] Train-accuracy=0.992440
Epoch[16] Time cost=34.042
Epoch[16] Validation-accuracy=0.898438
Epoch[17] Train-accuracy=0.992440
Epoch[17] Time cost=33.759
Epoch[17] Validation-accuracy=0.876563
Epoch[18] Train-accuracy=0.996136
Epoch[18] Time cost=33.748
Epoch[18] Validation-accuracy=0.898438
Epoch[19] Train-accuracy=0.995296
Epoch[19] Time cost=34.380
Epoch[19] Validation-accuracy=0.893750
Epoch[20] Train-accuracy=0.991095
Epoch[20] Time cost=36.301
Epoch[20] Validation-accuracy=0.867188
Epoch[21] Train-accuracy=0.990759
Epoch[21] Time cost=36.556
Epoch[21] Validation-accuracy=0.882812
Epoch[22] Train-accuracy=0.996808
Epoch[22] Time cost=35.178
Epoch[22] Validation-accuracy=0.889062
Epoch[23] Train-accuracy=0.997984
Epoch[23] Time cost=35.263
Epoch[23] Validation-accuracy=0.890625
Epoch[24] Train-accuracy=0.997984
Epoch[24] Time cost=35.582
Epoch[24] Validation-accuracy=0.892188
Epoch[25] Train-accuracy=0.998320
Epoch[25] Time cost=35.304
Epoch[25] Validation-accuracy=0.890625
Saved checkpoint to "../../models/FaceAnti/mobilenetv2-1_0-0007.params"
Epoch[26] Train-accuracy=0.998824
Epoch[26] Time cost=35.486
Epoch[26] Validation-accuracy=0.885938
Epoch[27] Train-accuracy=0.998824
Epoch[27] Time cost=35.824
Epoch[27] Validation-accuracy=0.892188
Epoch[28] Train-accuracy=0.997984
Epoch[28] Time cost=35.498
Epoch[28] Validation-accuracy=0.892188
Epoch[29] Train-accuracy=0.997144
Epoch[29] Time cost=34.593
Epoch[29] Validation-accuracy=0.884375
Epoch[30] Train-accuracy=0.996808
Epoch[30] Time cost=34.915
Epoch[30] Validation-accuracy=0.892188
Epoch[31] Train-accuracy=0.997144
Epoch[31] Time cost=34.560
Epoch[31] Validation-accuracy=0.887500
Epoch[32] Train-accuracy=0.997648
Epoch[32] Time cost=34.359
Epoch[32] Validation-accuracy=0.879687
Epoch[33] Train-accuracy=0.998152
Epoch[33] Time cost=33.853
Epoch[33] Validation-accuracy=0.873437
Epoch[34] Train-accuracy=0.998488
Epoch[34] Time cost=33.917
Epoch[34] Validation-accuracy=0.890625
Epoch[35] Train-accuracy=0.998320
Epoch[35] Time cost=33.843
Epoch[35] Validation-accuracy=0.889062
Epoch[36] Train-accuracy=0.998992
Epoch[36] Time cost=33.869
Epoch[36] Validation-accuracy=0.885938
Saved checkpoint to "../../models/FaceAnti/mobilenetv2-1_0-0008.params"
Epoch[37] Train-accuracy=0.999664
Epoch[37] Time cost=33.968
Epoch[37] Validation-accuracy=0.895312
Epoch[38] Train-accuracy=0.999328
Epoch[38] Time cost=33.846
Epoch[38] Validation-accuracy=0.885938
Epoch[39] Train-accuracy=0.999664
Epoch[39] Time cost=33.896
Epoch[39] Validation-accuracy=0.890625
Epoch[40] Train-accuracy=0.999328
Epoch[40] Time cost=33.864
Epoch[40] Validation-accuracy=0.890625
Epoch[41] Train-accuracy=0.999496
Epoch[41] Time cost=33.849
Epoch[41] Validation-accuracy=0.893750
Epoch[42] Train-accuracy=0.999496
Epoch[42] Time cost=33.867
Epoch[42] Validation-accuracy=0.889062
Epoch[43] Train-accuracy=0.999496
Epoch[43] Time cost=33.881
Epoch[43] Validation-accuracy=0.892188
Epoch[44] Train-accuracy=0.999496
Epoch[44] Time cost=33.901
Epoch[44] Validation-accuracy=0.890625
Epoch[45] Train-accuracy=0.999328
Epoch[45] Time cost=33.874
Epoch[45] Validation-accuracy=0.893750
Epoch[46] Train-accuracy=0.999328
Epoch[46] Time cost=33.866
Epoch[46] Validation-accuracy=0.890625
Epoch[47] Train-accuracy=0.999664
Epoch[47] Time cost=33.875
Epoch[47] Validation-accuracy=0.887500
Saved checkpoint to "../../models/FaceAnti/mobilenetv2-1_0-0009.params"
Epoch[48] Train-accuracy=0.999496
Epoch[48] Time cost=33.936
Epoch[48] Validation-accuracy=0.898438
Epoch[49] Train-accuracy=0.999496
Epoch[49] Time cost=34.660
Epoch[49] Validation-accuracy=0.890625
Epoch[50] Train-accuracy=0.999664
Epoch[50] Time cost=33.887
Epoch[50] Validation-accuracy=0.890625
Epoch[51] Train-accuracy=0.999496
Epoch[51] Time cost=33.886
Epoch[51] Validation-accuracy=0.890625
Epoch[52] Train-accuracy=0.999664
Epoch[52] Time cost=33.882
Epoch[52] Validation-accuracy=0.885938
Epoch[53] Train-accuracy=0.999496
Epoch[53] Time cost=33.881
Epoch[53] Validation-accuracy=0.876563
Epoch[54] Train-accuracy=0.999496
Epoch[54] Time cost=33.905
Epoch[54] Validation-accuracy=0.895312
Epoch[55] Train-accuracy=0.999496
Epoch[55] Time cost=33.886
Epoch[55] Validation-accuracy=0.889062
Epoch[56] Train-accuracy=0.999664
Epoch[56] Time cost=33.886
Epoch[56] Validation-accuracy=0.885938
Epoch[57] Train-accuracy=0.999664
Epoch[57] Time cost=33.865
Epoch[57] Validation-accuracy=0.884375
Saved checkpoint to "../../models/FaceAnti/mobilenetv2-1_0-0010.params"
Epoch[58] Train-accuracy=0.999496
Epoch[58] Time cost=33.934
Epoch[58] Validation-accuracy=0.896875
Epoch[59] Train-accuracy=0.999664
Epoch[59] Time cost=33.892
Epoch[59] Validation-accuracy=0.896875
Epoch[60] Train-accuracy=0.999328
Epoch[60] Time cost=33.911
Epoch[60] Validation-accuracy=0.893750
Epoch[61] Train-accuracy=0.999496
Epoch[61] Time cost=33.979
Epoch[61] Validation-accuracy=0.889062
Epoch[62] Train-accuracy=0.999832
Epoch[62] Time cost=33.878
Epoch[62] Validation-accuracy=0.904687
Epoch[63] Train-accuracy=0.999832
Epoch[63] Time cost=33.871
Epoch[63] Validation-accuracy=0.892188
Epoch[64] Train-accuracy=0.999664
Epoch[64] Time cost=33.852
Epoch[64] Validation-accuracy=0.896875
Epoch[65] Train-accuracy=0.999832
Epoch[65] Time cost=33.881
Epoch[65] Validation-accuracy=0.893750
Epoch[66] Train-accuracy=0.999832
Epoch[66] Time cost=33.883
Epoch[66] Validation-accuracy=0.901563
Epoch[67] Train-accuracy=0.999664
Epoch[67] Time cost=33.939
Epoch[67] Validation-accuracy=0.893750
Epoch[68] Train-accuracy=0.999832
Epoch[68] Time cost=34.028
Epoch[68] Validation-accuracy=0.901563
Saved checkpoint to "../../models/FaceAnti/mobilenetv2-1_0-0011.params"
Epoch[69] Train-accuracy=0.999328
Epoch[69] Time cost=33.960
Epoch[69] Validation-accuracy=0.893750
Epoch[70] Train-accuracy=0.999496
Epoch[70] Time cost=33.890
Epoch[70] Validation-accuracy=0.901563
Epoch[71] Train-accuracy=0.999664
Epoch[71] Time cost=33.952
Epoch[71] Validation-accuracy=0.895312
Epoch[72] Train-accuracy=0.999664
Epoch[72] Time cost=33.929
Epoch[72] Validation-accuracy=0.898438
Epoch[73] Train-accuracy=0.999496
Epoch[73] Time cost=33.932
Epoch[73] Validation-accuracy=0.887500
Epoch[74] Train-accuracy=0.999664
Epoch[74] Time cost=33.959
Epoch[74] Validation-accuracy=0.890625
Epoch[75] Train-accuracy=0.999496
Epoch[75] Time cost=33.967
Epoch[75] Validation-accuracy=0.896875
Epoch[76] Train-accuracy=0.999664
Epoch[76] Time cost=33.954
Epoch[76] Validation-accuracy=0.900000
Epoch[77] Train-accuracy=0.999496
Epoch[77] Time cost=33.915
Epoch[77] Validation-accuracy=0.885938
Epoch[78] Train-accuracy=0.999664
Epoch[78] Time cost=33.944
Epoch[78] Validation-accuracy=0.887500
Epoch[79] Train-accuracy=0.999664
Epoch[79] Time cost=33.926
Epoch[79] Validation-accuracy=0.896875
Saved checkpoint to "../../models/FaceAnti/mobilenetv2-1_0-0012.params"
Epoch[80] Train-accuracy=0.999496
Epoch[80] Time cost=34.047
Epoch[80] Validation-accuracy=0.892188
Epoch[81] Train-accuracy=0.999832
Epoch[81] Time cost=33.939
Epoch[81] Validation-accuracy=0.893750
Epoch[82] Train-accuracy=0.999664
Epoch[82] Time cost=33.947
Epoch[82] Validation-accuracy=0.892188
Epoch[83] Train-accuracy=0.999496
Epoch[83] Time cost=33.997
Epoch[83] Validation-accuracy=0.892188
Epoch[84] Train-accuracy=0.999496
Epoch[84] Time cost=33.955
Epoch[84] Validation-accuracy=0.896875
Epoch[85] Train-accuracy=0.999832
Epoch[85] Time cost=33.967
Epoch[85] Validation-accuracy=0.893750
Epoch[86] Train-accuracy=0.999664
Epoch[86] Time cost=33.876
Epoch[86] Validation-accuracy=0.887500
Epoch[87] Train-accuracy=0.999832
Epoch[87] Time cost=33.854
Epoch[87] Validation-accuracy=0.893750
Epoch[88] Train-accuracy=0.999496
Epoch[88] Time cost=33.883
Epoch[88] Validation-accuracy=0.896875
Epoch[89] Train-accuracy=0.999496
Epoch[89] Time cost=33.859
Epoch[89] Validation-accuracy=0.889062
Epoch[90] Train-accuracy=0.999664
Epoch[90] Time cost=33.926
Epoch[90] Validation-accuracy=0.887500
Saved checkpoint to "../../models/FaceAnti/mobilenetv2-1_0-0013.params"
Epoch[91] Train-accuracy=0.999496
Epoch[91] Time cost=33.919
Epoch[91] Validation-accuracy=0.890625
Epoch[92] Train-accuracy=0.999664
Epoch[92] Time cost=33.851
Epoch[92] Validation-accuracy=0.887500
Epoch[93] Train-accuracy=0.999496
Epoch[93] Time cost=33.867
Epoch[93] Validation-accuracy=0.890625
Epoch[94] Train-accuracy=0.999832
Epoch[94] Time cost=33.853
Epoch[94] Validation-accuracy=0.900000
Epoch[95] Train-accuracy=0.999832
Epoch[95] Time cost=33.905
Epoch[95] Validation-accuracy=0.898438
Epoch[96] Train-accuracy=0.999496
Epoch[96] Time cost=33.866
Epoch[96] Validation-accuracy=0.893750
Epoch[97] Train-accuracy=0.999496
Epoch[97] Time cost=33.865
Epoch[97] Validation-accuracy=0.893750
Epoch[98] Train-accuracy=0.999496
Epoch[98] Time cost=33.879
Epoch[98] Validation-accuracy=0.900000
Epoch[99] Train-accuracy=0.999832
Epoch[99] Time cost=33.845
Epoch[99] Validation-accuracy=0.882812
Epoch[100] Train-accuracy=0.999832
Epoch[100] Time cost=33.902
Epoch[100] Validation-accuracy=0.895312
Saved checkpoint to "../../models/FaceAnti/mobilenetv2-1_0-0014.params"
Epoch[101] Train-accuracy=0.999664
Epoch[101] Time cost=33.938
Epoch[101] Validation-accuracy=0.887500
Epoch[102] Train-accuracy=0.999832
Epoch[102] Time cost=33.840
Epoch[102] Validation-accuracy=0.892188
Epoch[103] Train-accuracy=0.999664
Epoch[103] Time cost=33.849
Epoch[103] Validation-accuracy=0.895312
Epoch[104] Train-accuracy=0.999496
Epoch[104] Time cost=33.846
Epoch[104] Validation-accuracy=0.890625
Epoch[105] Train-accuracy=0.999664
Epoch[105] Time cost=33.930
Epoch[105] Validation-accuracy=0.889062
Epoch[106] Train-accuracy=0.999496
Epoch[106] Time cost=33.885
Epoch[106] Validation-accuracy=0.882812
Epoch[107] Train-accuracy=0.999496
Epoch[107] Time cost=33.894
Epoch[107] Validation-accuracy=0.890625
Epoch[108] Train-accuracy=0.999496
Epoch[108] Time cost=33.944
Epoch[108] Validation-accuracy=0.887500
Epoch[109] Train-accuracy=0.999664
Epoch[109] Time cost=33.925
Epoch[109] Validation-accuracy=0.890625
Epoch[110] Train-accuracy=0.999328
Epoch[110] Time cost=33.965
Epoch[110] Validation-accuracy=0.887500
Epoch[111] Train-accuracy=0.999832
Epoch[111] Time cost=33.967
Epoch[111] Validation-accuracy=0.889062
Saved checkpoint to "../../models/FaceAnti/mobilenetv2-1_0-0015.params"
Epoch[112] Train-accuracy=0.999496
Epoch[112] Time cost=34.031
Epoch[112] Validation-accuracy=0.892188
Epoch[113] Train-accuracy=0.999496
Epoch[113] Time cost=33.949
Epoch[113] Validation-accuracy=0.901563
Epoch[114] Train-accuracy=0.999496
Epoch[114] Time cost=33.961
Epoch[114] Validation-accuracy=0.892188
Epoch[115] Train-accuracy=0.999664
Epoch[115] Time cost=33.985
Epoch[115] Validation-accuracy=0.896875
Epoch[116] Train-accuracy=0.999496
Epoch[116] Time cost=33.937
Epoch[116] Validation-accuracy=0.892188
Epoch[117] Train-accuracy=0.999496
Epoch[117] Time cost=33.961
Epoch[117] Validation-accuracy=0.885938
Epoch[118] Train-accuracy=0.999832
Epoch[118] Time cost=33.965
Epoch[118] Validation-accuracy=0.885938
Epoch[119] Train-accuracy=0.999832
Epoch[119] Time cost=33.947
Epoch[119] Validation-accuracy=0.896875
Epoch[120] Train-accuracy=0.999832
Epoch[120] Time cost=33.964
Epoch[120] Validation-accuracy=0.889062
Epoch[121] Train-accuracy=0.999664
Epoch[121] Time cost=33.967
Epoch[121] Validation-accuracy=0.892188
Epoch[122] Train-accuracy=0.999496
Epoch[122] Time cost=33.926
Epoch[122] Validation-accuracy=0.896875
Saved checkpoint to "../../models/FaceAnti/mobilenetv2-1_0-0016.params"
Epoch[123] Train-accuracy=0.999832
Epoch[123] Time cost=34.023
Epoch[123] Validation-accuracy=0.892188
Epoch[124] Train-accuracy=0.999496
Epoch[124] Time cost=33.962
Epoch[124] Validation-accuracy=0.903125
Epoch[125] Train-accuracy=0.999496
Epoch[125] Time cost=33.957
Epoch[125] Validation-accuracy=0.898438
Epoch[126] Train-accuracy=0.999664
Epoch[126] Time cost=33.970
Epoch[126] Validation-accuracy=0.890625
Epoch[127] Train-accuracy=0.999664
Epoch[127] Time cost=33.955
Epoch[127] Validation-accuracy=0.903125
Epoch[128] Train-accuracy=0.999832
Epoch[128] Time cost=33.932
Epoch[128] Validation-accuracy=0.890625
Epoch[129] Train-accuracy=0.999496
Epoch[129] Time cost=33.955
Epoch[129] Validation-accuracy=0.892188
Epoch[130] Train-accuracy=0.999496
Epoch[130] Time cost=33.970
Epoch[130] Validation-accuracy=0.889062
Epoch[131] Train-accuracy=0.999832
Epoch[131] Time cost=33.965
Epoch[131] Validation-accuracy=0.895312
Epoch[132] Train-accuracy=0.999496
Epoch[132] Time cost=33.941
Epoch[132] Validation-accuracy=0.890625
Epoch[133] Train-accuracy=0.999664
Epoch[133] Time cost=33.960
Epoch[133] Validation-accuracy=0.889062
Saved checkpoint to "../../models/FaceAnti/mobilenetv2-1_0-0017.params"
Epoch[134] Train-accuracy=0.999664
Epoch[134] Time cost=34.008
Epoch[134] Validation-accuracy=0.893750
Epoch[135] Train-accuracy=0.999664
Epoch[135] Time cost=33.959
Epoch[135] Validation-accuracy=0.893750
Epoch[136] Train-accuracy=0.999832
Epoch[136] Time cost=33.970
Epoch[136] Validation-accuracy=0.895312
Epoch[137] Train-accuracy=0.999664
Epoch[137] Time cost=33.937
Epoch[137] Validation-accuracy=0.896875
Epoch[138] Train-accuracy=0.999496
Epoch[138] Time cost=33.945
Epoch[138] Validation-accuracy=0.893750
Epoch[139] Train-accuracy=0.999664
Epoch[139] Time cost=33.940
Epoch[139] Validation-accuracy=0.895312
Epoch[140] Train-accuracy=0.999664
Epoch[140] Time cost=33.978
Epoch[140] Validation-accuracy=0.900000
Epoch[141] Train-accuracy=0.999664
Epoch[141] Time cost=33.981
Epoch[141] Validation-accuracy=0.901563
Epoch[142] Train-accuracy=0.999664
Epoch[142] Time cost=33.938
Epoch[142] Validation-accuracy=0.896875
Epoch[143] Train-accuracy=0.999664
Epoch[143] Time cost=34.002
Epoch[143] Validation-accuracy=0.892188
Saved checkpoint to "../../models/FaceAnti/mobilenetv2-1_0-0018.params"
Epoch[144] Train-accuracy=0.999832
Epoch[144] Time cost=34.020
Epoch[144] Validation-accuracy=0.896875
Epoch[145] Train-accuracy=0.999832
Epoch[145] Time cost=33.955
Epoch[145] Validation-accuracy=0.887500
Epoch[146] Train-accuracy=0.999328
Epoch[146] Time cost=33.969
Epoch[146] Validation-accuracy=0.898438
Epoch[147] Train-accuracy=0.999496
Epoch[147] Time cost=33.956
Epoch[147] Validation-accuracy=0.896875
Epoch[148] Train-accuracy=0.999664
Epoch[148] Time cost=33.946
Epoch[148] Validation-accuracy=0.900000
Epoch[149] Train-accuracy=0.999832
Epoch[149] Time cost=33.934
Epoch[149] Validation-accuracy=0.890625
Epoch[150] Train-accuracy=0.999832
Epoch[150] Time cost=33.951
Epoch[150] Validation-accuracy=0.895312
Epoch[151] Train-accuracy=0.999664
Epoch[151] Time cost=33.985
Epoch[151] Validation-accuracy=0.901563
Epoch[152] Train-accuracy=0.999664
Epoch[152] Time cost=33.947
Epoch[152] Validation-accuracy=0.892188
Epoch[153] Train-accuracy=0.999496
Epoch[153] Time cost=33.928
Epoch[153] Validation-accuracy=0.892188
Epoch[154] Train-accuracy=0.999496
Epoch[154] Time cost=33.941
Epoch[154] Validation-accuracy=0.901563
Saved checkpoint to "../../models/FaceAnti/mobilenetv2-1_0-0019.params"
Epoch[155] Train-accuracy=0.999664
Epoch[155] Time cost=34.033
Epoch[155] Validation-accuracy=0.896875
Epoch[156] Train-accuracy=0.999664
Epoch[156] Time cost=33.960
Epoch[156] Validation-accuracy=0.903125
Epoch[157] Train-accuracy=0.999664
Epoch[157] Time cost=33.974
Epoch[157] Validation-accuracy=0.892188
Epoch[158] Train-accuracy=0.999832
Epoch[158] Time cost=33.945
Epoch[158] Validation-accuracy=0.885938
Epoch[159] Train-accuracy=0.999664
Epoch[159] Time cost=33.942
Epoch[159] Validation-accuracy=0.903125
Epoch[160] Train-accuracy=0.999664
Epoch[160] Time cost=33.962
Epoch[160] Validation-accuracy=0.893750
Epoch[161] Train-accuracy=0.999496
Epoch[161] Time cost=34.032
Epoch[161] Validation-accuracy=0.895312
Epoch[162] Train-accuracy=0.999664
Epoch[162] Time cost=33.949
Epoch[162] Validation-accuracy=0.904687
Epoch[163] Train-accuracy=0.999832
Epoch[163] Time cost=33.927
Epoch[163] Validation-accuracy=0.892188
Epoch[164] Train-accuracy=0.999496
Epoch[164] Time cost=33.948
Epoch[164] Validation-accuracy=0.896875
Epoch[165] Train-accuracy=0.999664
Epoch[165] Time cost=33.952
Epoch[165] Validation-accuracy=0.892188
Saved checkpoint to "../../models/FaceAnti/mobilenetv2-1_0-0020.params"
Epoch[166] Train-accuracy=0.999328
Epoch[166] Time cost=34.013
Epoch[166] Validation-accuracy=0.895312
Epoch[167] Train-accuracy=0.999664
Epoch[167] Time cost=33.945
Epoch[167] Validation-accuracy=0.890625
Epoch[168] Train-accuracy=0.999832
Epoch[168] Time cost=33.944
Epoch[168] Validation-accuracy=0.893750
Epoch[169] Train-accuracy=0.999496
Epoch[169] Time cost=33.971
Epoch[169] Validation-accuracy=0.900000
Epoch[170] Train-accuracy=0.999664
Epoch[170] Time cost=33.957
Epoch[170] Validation-accuracy=0.903125
Epoch[171] Train-accuracy=0.999664
Epoch[171] Time cost=33.980
Epoch[171] Validation-accuracy=0.893750
Epoch[172] Train-accuracy=0.999664
Epoch[172] Time cost=33.985
Epoch[172] Validation-accuracy=0.890625
Epoch[173] Train-accuracy=0.999832
Epoch[173] Time cost=33.955
Epoch[173] Validation-accuracy=0.890625
Epoch[174] Train-accuracy=0.999832
Epoch[174] Time cost=33.935
Epoch[174] Validation-accuracy=0.892188
Epoch[175] Train-accuracy=0.999664
Epoch[175] Time cost=33.977
Epoch[175] Validation-accuracy=0.893750
Epoch[176] Train-accuracy=0.999664
Epoch[176] Time cost=33.977
Epoch[176] Validation-accuracy=0.895312
Saved checkpoint to "../../models/FaceAnti/mobilenetv2-1_0-0021.params"
Epoch[177] Train-accuracy=0.999664
Epoch[177] Time cost=34.009
Epoch[177] Validation-accuracy=0.900000
Epoch[178] Train-accuracy=0.999496
Epoch[178] Time cost=33.933
Epoch[178] Validation-accuracy=0.896875
Epoch[179] Train-accuracy=0.999664
Epoch[179] Time cost=33.953
Epoch[179] Validation-accuracy=0.898438
Epoch[180] Train-accuracy=0.999664
Epoch[180] Time cost=33.976
Epoch[180] Validation-accuracy=0.898438
Epoch[181] Train-accuracy=0.999664
Epoch[181] Time cost=33.996
Epoch[181] Validation-accuracy=0.903125
Epoch[182] Train-accuracy=0.999664
Epoch[182] Time cost=33.953
Epoch[182] Validation-accuracy=0.895312
Epoch[183] Train-accuracy=0.999664
Epoch[183] Time cost=33.956
Epoch[183] Validation-accuracy=0.895312
Epoch[184] Train-accuracy=0.999496
Epoch[184] Time cost=33.949
Epoch[184] Validation-accuracy=0.898438
Epoch[185] Train-accuracy=0.999832
Epoch[185] Time cost=33.942
Epoch[185] Validation-accuracy=0.893750
Epoch[186] Train-accuracy=0.999832
Epoch[186] Time cost=33.984
Epoch[186] Validation-accuracy=0.893750
Saved checkpoint to "../../models/FaceAnti/mobilenetv2-1_0-0022.params"
Epoch[187] Train-accuracy=0.999664
Epoch[187] Time cost=34.040
Epoch[187] Validation-accuracy=0.885938
Epoch[188] Train-accuracy=0.999664
Epoch[188] Time cost=33.950
Epoch[188] Validation-accuracy=0.895312
Epoch[189] Train-accuracy=0.999664
Epoch[189] Time cost=33.977
Epoch[189] Validation-accuracy=0.892188
Epoch[190] Train-accuracy=0.999664
Epoch[190] Time cost=33.964
Epoch[190] Validation-accuracy=0.892188
Epoch[191] Train-accuracy=0.999496
Epoch[191] Time cost=33.977
Epoch[191] Validation-accuracy=0.906250
Epoch[192] Train-accuracy=0.999664
Epoch[192] Time cost=33.981
Epoch[192] Validation-accuracy=0.900000
Epoch[193] Train-accuracy=0.999496
Epoch[193] Time cost=33.926
Epoch[193] Validation-accuracy=0.898438
Epoch[194] Train-accuracy=0.999496
Epoch[194] Time cost=33.966
Epoch[194] Validation-accuracy=0.893750
Epoch[195] Train-accuracy=0.999664
Epoch[195] Time cost=33.953
Epoch[195] Validation-accuracy=0.887500
Epoch[196] Train-accuracy=0.999664
Epoch[196] Time cost=33.974
Epoch[196] Validation-accuracy=0.893750
Epoch[197] Train-accuracy=0.999832
Epoch[197] Time cost=33.936
Epoch[197] Validation-accuracy=0.890625
Saved checkpoint to "../../models/FaceAnti/mobilenetv2-1_0-0023.params"
Epoch[198] Train-accuracy=0.999496
Epoch[198] Time cost=34.003
Epoch[198] Validation-accuracy=0.893750
Epoch[199] Train-accuracy=0.999664
Epoch[199] Time cost=33.928
Epoch[199] Validation-accuracy=0.887500
Epoch[200] Train-accuracy=0.999664
Epoch[200] Time cost=33.933
Epoch[200] Validation-accuracy=0.895312
Epoch[201] Train-accuracy=0.999832
Epoch[201] Time cost=33.977
Epoch[201] Validation-accuracy=0.889062
Epoch[202] Train-accuracy=0.999496
Epoch[202] Time cost=33.966
Epoch[202] Validation-accuracy=0.892188
Epoch[203] Train-accuracy=0.999496
Epoch[203] Time cost=33.944
Epoch[203] Validation-accuracy=0.896875
Epoch[204] Train-accuracy=0.999832
Epoch[204] Time cost=33.956
Epoch[204] Validation-accuracy=0.896875
Epoch[205] Train-accuracy=0.999664
Epoch[205] Time cost=33.928
Epoch[205] Validation-accuracy=0.892188
Epoch[206] Train-accuracy=0.999832
Epoch[206] Time cost=33.975
Epoch[206] Validation-accuracy=0.895312
Epoch[207] Train-accuracy=0.999832
Epoch[207] Time cost=33.952
Epoch[207] Validation-accuracy=0.892188
Epoch[208] Train-accuracy=0.999664
Epoch[208] Time cost=33.937
Epoch[208] Validation-accuracy=0.895312
Saved checkpoint to "../../models/FaceAnti/mobilenetv2-1_0-0024.params"
Epoch[209] Train-accuracy=0.999496
Epoch[209] Time cost=34.028
Epoch[209] Validation-accuracy=0.895312
Epoch[210] Train-accuracy=0.999664
Epoch[210] Time cost=33.954
Epoch[210] Validation-accuracy=0.892188
Epoch[211] Train-accuracy=0.999496
Epoch[211] Time cost=33.950
Epoch[211] Validation-accuracy=0.896875
Epoch[212] Train-accuracy=0.999832
Epoch[212] Time cost=33.981
Epoch[212] Validation-accuracy=0.901563
Epoch[213] Train-accuracy=0.999664
Epoch[213] Time cost=33.978
Epoch[213] Validation-accuracy=0.896875
Epoch[214] Train-accuracy=0.999496
Epoch[214] Time cost=33.958
Epoch[214] Validation-accuracy=0.889062
Epoch[215] Train-accuracy=0.999832
Epoch[215] Time cost=33.970
Epoch[215] Validation-accuracy=0.895312
Epoch[216] Train-accuracy=0.999664
Epoch[216] Time cost=33.986
Epoch[216] Validation-accuracy=0.892188
Epoch[217] Train-accuracy=0.999496
Epoch[217] Time cost=33.958
Epoch[217] Validation-accuracy=0.900000
Epoch[218] Train-accuracy=0.999832
Epoch[218] Time cost=33.942
Epoch[218] Validation-accuracy=0.895312
Epoch[219] Train-accuracy=0.999664
Epoch[219] Time cost=33.966
Epoch[219] Validation-accuracy=0.900000
Saved checkpoint to "../../models/FaceAnti/mobilenetv2-1_0-0025.params"
Epoch[220] Train-accuracy=0.999496
Epoch[220] Time cost=33.991
Epoch[220] Validation-accuracy=0.903125
Epoch[221] Train-accuracy=0.999664
Epoch[221] Time cost=33.935
Epoch[221] Validation-accuracy=0.893750
Epoch[222] Train-accuracy=0.999664
Epoch[222] Time cost=33.974
Epoch[222] Validation-accuracy=0.889062
Epoch[223] Train-accuracy=0.999664
Epoch[223] Time cost=33.937
Epoch[223] Validation-accuracy=0.887500
Epoch[224] Train-accuracy=0.999832
Epoch[224] Time cost=33.951
Epoch[224] Validation-accuracy=0.884375
Epoch[225] Train-accuracy=0.999832
Epoch[225] Time cost=33.944
Epoch[225] Validation-accuracy=0.893750
Epoch[226] Train-accuracy=0.999496
Epoch[226] Time cost=33.932
Epoch[226] Validation-accuracy=0.903125
Epoch[227] Train-accuracy=0.999664
Epoch[227] Time cost=33.979
Epoch[227] Validation-accuracy=0.896875
Epoch[228] Train-accuracy=0.999664
Epoch[228] Time cost=33.958
Epoch[228] Validation-accuracy=0.890625
Epoch[229] Train-accuracy=0.999496
Epoch[229] Time cost=33.943
Epoch[229] Validation-accuracy=0.896875
Saved checkpoint to "../../models/FaceAnti/mobilenetv2-1_0-0026.params"
Epoch[230] Train-accuracy=0.999496
Epoch[230] Time cost=34.002
Epoch[230] Validation-accuracy=0.890625
Epoch[231] Train-accuracy=0.999664
Epoch[231] Time cost=33.950
Epoch[231] Validation-accuracy=0.895312
Epoch[232] Train-accuracy=0.999664
Epoch[232] Time cost=34.006
Epoch[232] Validation-accuracy=0.887500
Epoch[233] Train-accuracy=0.999832
Epoch[233] Time cost=33.976
Epoch[233] Validation-accuracy=0.890625
Epoch[234] Train-accuracy=0.999664
Epoch[234] Time cost=33.943
Epoch[234] Validation-accuracy=0.895312
Epoch[235] Train-accuracy=0.999496
Epoch[235] Time cost=33.939
Epoch[235] Validation-accuracy=0.907813
Epoch[236] Train-accuracy=0.999832
Epoch[236] Time cost=33.958
Epoch[236] Validation-accuracy=0.896875
Epoch[237] Train-accuracy=0.999832
Epoch[237] Time cost=33.960
Epoch[237] Validation-accuracy=0.892188
Epoch[238] Train-accuracy=0.999664
Epoch[238] Time cost=33.962
Epoch[238] Validation-accuracy=0.890625
Epoch[239] Train-accuracy=0.999832
Epoch[239] Time cost=33.963
Epoch[239] Validation-accuracy=0.892188
Epoch[240] Train-accuracy=0.999496
Epoch[240] Time cost=33.968
Epoch[240] Validation-accuracy=0.896875
Saved checkpoint to "../../models/FaceAnti/mobilenetv2-1_0-0027.params"
Epoch[241] Train-accuracy=0.999664
Epoch[241] Time cost=34.082
Epoch[241] Validation-accuracy=0.890625
Epoch[242] Train-accuracy=0.999496
Epoch[242] Time cost=33.962
Epoch[242] Validation-accuracy=0.901563
Epoch[243] Train-accuracy=0.999664
Epoch[243] Time cost=33.953
Epoch[243] Validation-accuracy=0.900000
Epoch[244] Train-accuracy=0.999832
Epoch[244] Time cost=33.948
Epoch[244] Validation-accuracy=0.895312
Epoch[245] Train-accuracy=0.999496
Epoch[245] Time cost=33.955
Epoch[245] Validation-accuracy=0.903125
Epoch[246] Train-accuracy=0.999496
Epoch[246] Time cost=33.976
Epoch[246] Validation-accuracy=0.895312
Epoch[247] Train-accuracy=0.999664
Epoch[247] Time cost=34.004
Epoch[247] Validation-accuracy=0.892188
Epoch[248] Train-accuracy=0.999664
Epoch[248] Time cost=33.954
Epoch[248] Validation-accuracy=0.898438
Epoch[249] Train-accuracy=0.999664
Epoch[249] Time cost=33.947
Epoch[249] Validation-accuracy=0.887500
Epoch[250] Train-accuracy=0.999664
Epoch[250] Time cost=33.958
Epoch[250] Validation-accuracy=0.898438
Epoch[251] Train-accuracy=0.999832
Epoch[251] Time cost=33.964
Epoch[251] Validation-accuracy=0.892188
Saved checkpoint to "../../models/FaceAnti/mobilenetv2-1_0-0028.params"
Epoch[252] Train-accuracy=0.999496
Epoch[252] Time cost=34.025
Epoch[252] Validation-accuracy=0.893750
Epoch[253] Train-accuracy=0.999664
Epoch[253] Time cost=33.921
Epoch[253] Validation-accuracy=0.892188
Epoch[254] Train-accuracy=0.999496
Epoch[254] Time cost=33.959
Epoch[254] Validation-accuracy=0.896875
Epoch[255] Train-accuracy=0.999496
Epoch[255] Time cost=33.944
Epoch[255] Validation-accuracy=0.890625
Epoch[256] Train-accuracy=0.999664
Epoch[256] Time cost=33.937
Epoch[256] Validation-accuracy=0.895312
Epoch[257] Train-accuracy=0.999664
Epoch[257] Time cost=33.985
Epoch[257] Validation-accuracy=0.896875
Epoch[258] Train-accuracy=0.999496
Epoch[258] Time cost=33.961
Epoch[258] Validation-accuracy=0.900000
Epoch[259] Train-accuracy=0.999664
Epoch[259] Time cost=33.948
Epoch[259] Validation-accuracy=0.900000
Epoch[260] Train-accuracy=0.999496
Epoch[260] Time cost=33.968
Epoch[260] Validation-accuracy=0.890625
Epoch[261] Train-accuracy=0.999832
Epoch[261] Time cost=33.947
Epoch[261] Validation-accuracy=0.890625
Epoch[262] Train-accuracy=0.999832
Epoch[262] Time cost=33.975
Epoch[262] Validation-accuracy=0.892188
Saved checkpoint to "../../models/FaceAnti/mobilenetv2-1_0-0029.params"
Epoch[263] Train-accuracy=0.999664
Epoch[263] Time cost=34.023
Epoch[263] Validation-accuracy=0.898438
Epoch[264] Train-accuracy=0.999664
Epoch[264] Time cost=33.930
Epoch[264] Validation-accuracy=0.889062
Epoch[265] Train-accuracy=0.999664
Epoch[265] Time cost=33.953
Epoch[265] Validation-accuracy=0.882812
Epoch[266] Train-accuracy=0.999496
Epoch[266] Time cost=33.961
Epoch[266] Validation-accuracy=0.892188
Epoch[267] Train-accuracy=0.999832
Epoch[267] Time cost=33.964
Epoch[267] Validation-accuracy=0.896875
Epoch[268] Train-accuracy=0.999496
Epoch[268] Time cost=33.950
Epoch[268] Validation-accuracy=0.896875
Epoch[269] Train-accuracy=0.999496
Epoch[269] Time cost=33.943
Epoch[269] Validation-accuracy=0.901563
Epoch[270] Train-accuracy=0.999832
Epoch[270] Time cost=33.966
Epoch[270] Validation-accuracy=0.893750
Epoch[271] Train-accuracy=0.999832
Epoch[271] Time cost=33.949
Epoch[271] Validation-accuracy=0.889062
Epoch[272] Train-accuracy=0.999664
Epoch[272] Time cost=33.972
Epoch[272] Validation-accuracy=0.898438
Saved checkpoint to "../../models/FaceAnti/mobilenetv2-1_0-0030.params"
Epoch[273] Train-accuracy=0.999496
Epoch[273] Time cost=34.016
Epoch[273] Validation-accuracy=0.890625
Epoch[274] Train-accuracy=0.999496
Epoch[274] Time cost=33.951
Epoch[274] Validation-accuracy=0.893750
Epoch[275] Train-accuracy=0.999664
Epoch[275] Time cost=33.953
Epoch[275] Validation-accuracy=0.893750
Epoch[276] Train-accuracy=0.999496
Epoch[276] Time cost=33.951
Epoch[276] Validation-accuracy=0.893750
Epoch[277] Train-accuracy=0.999496
Epoch[277] Time cost=33.950
Epoch[277] Validation-accuracy=0.901563
Epoch[278] Train-accuracy=0.999832
Epoch[278] Time cost=33.961
Epoch[278] Validation-accuracy=0.890625
Epoch[279] Train-accuracy=0.999664
Epoch[279] Time cost=33.938
Epoch[279] Validation-accuracy=0.893750
Epoch[280] Train-accuracy=0.999496
Epoch[280] Time cost=33.967
Epoch[280] Validation-accuracy=0.901563
Epoch[281] Train-accuracy=0.999832
Epoch[281] Time cost=33.941
Epoch[281] Validation-accuracy=0.893750
Epoch[282] Train-accuracy=0.999496
Epoch[282] Time cost=33.964
Epoch[282] Validation-accuracy=0.898438
Epoch[283] Train-accuracy=0.999664
Epoch[283] Time cost=33.968
Epoch[283] Validation-accuracy=0.903125
Saved checkpoint to "../../models/FaceAnti/mobilenetv2-1_0-0031.params"
Epoch[284] Train-accuracy=0.999496
Epoch[284] Time cost=34.003
Epoch[284] Validation-accuracy=0.887500
Epoch[285] Train-accuracy=0.999664
Epoch[285] Time cost=33.990
Epoch[285] Validation-accuracy=0.896875
Epoch[286] Train-accuracy=0.999664
Epoch[286] Time cost=33.932
Epoch[286] Validation-accuracy=0.893750
Epoch[287] Train-accuracy=0.999664
Epoch[287] Time cost=33.956
Epoch[287] Validation-accuracy=0.893750
Epoch[288] Train-accuracy=0.999664
Epoch[288] Time cost=33.972
Epoch[288] Validation-accuracy=0.895312
Epoch[289] Train-accuracy=0.999832
Epoch[289] Time cost=33.946
Epoch[289] Validation-accuracy=0.903125
Epoch[290] Train-accuracy=0.999832
Epoch[290] Time cost=33.929
Epoch[290] Validation-accuracy=0.900000
Epoch[291] Train-accuracy=0.999832
Epoch[291] Time cost=33.958
Epoch[291] Validation-accuracy=0.898438
Epoch[292] Train-accuracy=0.999664
Epoch[292] Time cost=33.951
Epoch[292] Validation-accuracy=0.901563
Epoch[293] Train-accuracy=0.999832
Epoch[293] Time cost=33.977
Epoch[293] Validation-accuracy=0.893750
Epoch[294] Train-accuracy=0.999664
Epoch[294] Time cost=33.982
Epoch[294] Validation-accuracy=0.895312
Saved checkpoint to "../../models/FaceAnti/mobilenetv2-1_0-0032.params"
Epoch[295] Train-accuracy=0.999832
Epoch[295] Time cost=34.022
Epoch[295] Validation-accuracy=0.892188
Epoch[296] Train-accuracy=0.999496
Epoch[296] Time cost=33.942
Epoch[296] Validation-accuracy=0.895312
Epoch[297] Train-accuracy=0.999832
Epoch[297] Time cost=33.954
Epoch[297] Validation-accuracy=0.892188
Epoch[298] Train-accuracy=0.999664
Epoch[298] Time cost=33.954
Epoch[298] Validation-accuracy=0.896875
Epoch[299] Train-accuracy=0.999832
Epoch[299] Time cost=33.950
Epoch[299] Validation-accuracy=0.903125
Epoch[300] Train-accuracy=0.999496
Epoch[300] Time cost=33.943
Epoch[300] Validation-accuracy=0.906250
Epoch[301] Train-accuracy=0.999664
Epoch[301] Time cost=33.949
Epoch[301] Validation-accuracy=0.896875
Epoch[302] Train-accuracy=0.999664
Epoch[302] Time cost=33.969
Epoch[302] Validation-accuracy=0.900000
Epoch[303] Train-accuracy=0.999664
Epoch[303] Time cost=33.961
Epoch[303] Validation-accuracy=0.893750
Epoch[304] Train-accuracy=0.999832
Epoch[304] Time cost=33.965
Epoch[304] Validation-accuracy=0.898438
Epoch[305] Train-accuracy=0.999496
Epoch[305] Time cost=33.965
Epoch[305] Validation-accuracy=0.898438
Saved checkpoint to "../../models/FaceAnti/mobilenetv2-1_0-0033.params"
Epoch[306] Train-accuracy=0.999832
Epoch[306] Time cost=34.010
Epoch[306] Validation-accuracy=0.889062
Epoch[307] Train-accuracy=0.999496
Epoch[307] Time cost=33.965
Epoch[307] Validation-accuracy=0.889062
Epoch[308] Train-accuracy=0.999664
Epoch[308] Time cost=34.019
Epoch[308] Validation-accuracy=0.900000
Epoch[309] Train-accuracy=0.999832
Epoch[309] Time cost=33.963
Epoch[309] Validation-accuracy=0.895312
Epoch[310] Train-accuracy=0.999496
Epoch[310] Time cost=33.953
Epoch[310] Validation-accuracy=0.903125
Epoch[311] Train-accuracy=0.999664
Epoch[311] Time cost=33.922
Epoch[311] Validation-accuracy=0.896875
Epoch[312] Train-accuracy=0.999664
Epoch[312] Time cost=33.957
Epoch[312] Validation-accuracy=0.896875
Epoch[313] Train-accuracy=0.999664
Epoch[313] Time cost=33.961
Epoch[313] Validation-accuracy=0.893750
Epoch[314] Train-accuracy=0.999664
Epoch[314] Time cost=33.935
Epoch[314] Validation-accuracy=0.889062
Epoch[315] Train-accuracy=0.999496
Epoch[315] Time cost=33.967
Epoch[315] Validation-accuracy=0.895312
Saved checkpoint to "../../models/FaceAnti/mobilenetv2-1_0-0034.params"
Epoch[316] Train-accuracy=0.999496
Epoch[316] Time cost=33.995
Epoch[316] Validation-accuracy=0.893750
Epoch[317] Train-accuracy=0.999664
Epoch[317] Time cost=33.933
Epoch[317] Validation-accuracy=0.898438
Epoch[318] Train-accuracy=0.999664
Epoch[318] Time cost=33.980
Epoch[318] Validation-accuracy=0.892188
Epoch[319] Train-accuracy=0.999832
Epoch[319] Time cost=33.948
Epoch[319] Validation-accuracy=0.904687
Epoch[320] Train-accuracy=0.999832
Epoch[320] Time cost=33.932
Epoch[320] Validation-accuracy=0.898438
Epoch[321] Train-accuracy=0.999664
Epoch[321] Time cost=33.961
Epoch[321] Validation-accuracy=0.895312
Epoch[322] Train-accuracy=0.999664
Epoch[322] Time cost=33.946
Epoch[322] Validation-accuracy=0.893750
Epoch[323] Train-accuracy=0.999496
Epoch[323] Time cost=33.979
Epoch[323] Validation-accuracy=0.901563
Epoch[324] Train-accuracy=0.999664
Epoch[324] Time cost=33.935
Epoch[324] Validation-accuracy=0.910937
Epoch[325] Train-accuracy=0.999664
Epoch[325] Time cost=33.932
Epoch[325] Validation-accuracy=0.896875
Epoch[326] Train-accuracy=0.999832
Epoch[326] Time cost=33.945
Epoch[326] Validation-accuracy=0.893750
Saved checkpoint to "../../models/FaceAnti/mobilenetv2-1_0-0035.params"
Epoch[327] Train-accuracy=0.999496
Epoch[327] Time cost=34.010
Epoch[327] Validation-accuracy=0.893750
Epoch[328] Train-accuracy=0.999496
Epoch[328] Time cost=33.970
Epoch[328] Validation-accuracy=0.904687
Epoch[329] Train-accuracy=0.999664
Epoch[329] Time cost=33.966
Epoch[329] Validation-accuracy=0.893750
Epoch[330] Train-accuracy=0.999664
Epoch[330] Time cost=33.964
Epoch[330] Validation-accuracy=0.896875
Epoch[331] Train-accuracy=0.999496
Epoch[331] Time cost=33.961
Epoch[331] Validation-accuracy=0.901563
Epoch[332] Train-accuracy=0.999664
Epoch[332] Time cost=33.926
Epoch[332] Validation-accuracy=0.901563
Epoch[333] Train-accuracy=0.999496
Epoch[333] Time cost=33.975
Epoch[333] Validation-accuracy=0.892188
Epoch[334] Train-accuracy=0.999496
Epoch[334] Time cost=33.951
Epoch[334] Validation-accuracy=0.887500
Epoch[335] Train-accuracy=0.999832
Epoch[335] Time cost=33.935
Epoch[335] Validation-accuracy=0.893750
Epoch[336] Train-accuracy=0.999832
Epoch[336] Time cost=33.936
Epoch[336] Validation-accuracy=0.885938
Epoch[337] Train-accuracy=0.999664
Epoch[337] Time cost=33.950
Epoch[337] Validation-accuracy=0.906250
Saved checkpoint to "../../models/FaceAnti/mobilenetv2-1_0-0036.params"
Epoch[338] Train-accuracy=0.999664
Epoch[338] Time cost=34.065
Epoch[338] Validation-accuracy=0.892188
Epoch[339] Train-accuracy=0.999664
Epoch[339] Time cost=33.948
Epoch[339] Validation-accuracy=0.895312
Epoch[340] Train-accuracy=0.999664
Epoch[340] Time cost=33.952
Epoch[340] Validation-accuracy=0.885938
Epoch[341] Train-accuracy=0.999664
Epoch[341] Time cost=33.930
Epoch[341] Validation-accuracy=0.889062
Epoch[342] Train-accuracy=0.999496
Epoch[342] Time cost=33.928
Epoch[342] Validation-accuracy=0.892188
Epoch[343] Train-accuracy=0.999664
Epoch[343] Time cost=33.975
Epoch[343] Validation-accuracy=0.900000
Epoch[344] Train-accuracy=0.999664
Epoch[344] Time cost=33.944
Epoch[344] Validation-accuracy=0.893750
Epoch[345] Train-accuracy=0.999496
Epoch[345] Time cost=33.951
Epoch[345] Validation-accuracy=0.898438
Epoch[346] Train-accuracy=0.999496
Epoch[346] Time cost=33.954
Epoch[346] Validation-accuracy=0.903125
Epoch[347] Train-accuracy=0.999832
Epoch[347] Time cost=33.944
Epoch[347] Validation-accuracy=0.903125
Epoch[348] Train-accuracy=0.999832
Epoch[348] Time cost=33.983
Epoch[348] Validation-accuracy=0.900000
Saved checkpoint to "../../models/FaceAnti/mobilenetv2-1_0-0037.params"
Epoch[349] Train-accuracy=0.999496
Epoch[349] Time cost=33.989
Epoch[349] Validation-accuracy=0.892188
Epoch[350] Train-accuracy=0.999664
Epoch[350] Time cost=33.977
Epoch[350] Validation-accuracy=0.889062
Epoch[351] Train-accuracy=0.999664
Epoch[351] Time cost=33.955
Epoch[351] Validation-accuracy=0.892188
Epoch[352] Train-accuracy=0.999328
Epoch[352] Time cost=33.947
Epoch[352] Validation-accuracy=0.882812
Epoch[353] Train-accuracy=0.999664
Epoch[353] Time cost=33.991
Epoch[353] Validation-accuracy=0.896875
Epoch[354] Train-accuracy=0.999664
Epoch[354] Time cost=33.955
Epoch[354] Validation-accuracy=0.893750
Epoch[355] Train-accuracy=0.999496
Epoch[355] Time cost=33.946
Epoch[355] Validation-accuracy=0.900000
Epoch[356] Train-accuracy=0.999664
Epoch[356] Time cost=33.957
Epoch[356] Validation-accuracy=0.896875
Epoch[357] Train-accuracy=0.999664
Epoch[357] Time cost=33.956
Epoch[357] Validation-accuracy=0.900000
Epoch[358] Train-accuracy=0.999664
Epoch[358] Time cost=33.987
Epoch[358] Validation-accuracy=0.901563
Saved checkpoint to "../../models/FaceAnti/mobilenetv2-1_0-0038.params"
Epoch[359] Train-accuracy=0.999664
Epoch[359] Time cost=34.019
Epoch[359] Validation-accuracy=0.909375
Epoch[360] Train-accuracy=0.999832
Epoch[360] Time cost=33.956
Epoch[360] Validation-accuracy=0.889062
Epoch[361] Train-accuracy=0.999832
Epoch[361] Time cost=33.962
Epoch[361] Validation-accuracy=0.887500
Epoch[362] Train-accuracy=0.999832
Epoch[362] Time cost=33.939
Epoch[362] Validation-accuracy=0.903125
Epoch[363] Train-accuracy=0.999664
Epoch[363] Time cost=33.944
Epoch[363] Validation-accuracy=0.896875
Epoch[364] Train-accuracy=0.999664
Epoch[364] Time cost=33.978
Epoch[364] Validation-accuracy=0.900000
Epoch[365] Train-accuracy=0.999664
Epoch[365] Time cost=33.937
Epoch[365] Validation-accuracy=0.895312
Epoch[366] Train-accuracy=0.999664
Epoch[366] Time cost=33.953
Epoch[366] Validation-accuracy=0.903125
Epoch[367] Train-accuracy=0.999664
Epoch[367] Time cost=33.934
Epoch[367] Validation-accuracy=0.898438
Epoch[368] Train-accuracy=0.999496
Epoch[368] Time cost=33.961
Epoch[368] Validation-accuracy=0.892188
Epoch[369] Train-accuracy=0.999664
Epoch[369] Time cost=33.946
Epoch[369] Validation-accuracy=0.896875
Saved checkpoint to "../../models/FaceAnti/mobilenetv2-1_0-0039.params"
Epoch[370] Train-accuracy=0.999496
Epoch[370] Time cost=34.005
Epoch[370] Validation-accuracy=0.892188
Epoch[371] Train-accuracy=0.999664
Epoch[371] Time cost=33.949
Epoch[371] Validation-accuracy=0.893750
Epoch[372] Train-accuracy=0.999832
Epoch[372] Time cost=33.954
Epoch[372] Validation-accuracy=0.907813
Epoch[373] Train-accuracy=0.999664
Epoch[373] Time cost=33.939
Epoch[373] Validation-accuracy=0.887500
Epoch[374] Train-accuracy=0.999832
Epoch[374] Time cost=33.979
Epoch[374] Validation-accuracy=0.889062
Epoch[375] Train-accuracy=0.999496
Epoch[375] Time cost=33.947
Epoch[375] Validation-accuracy=0.896875
Epoch[376] Train-accuracy=0.999664
Epoch[376] Time cost=33.935
Epoch[376] Validation-accuracy=0.893750
Epoch[377] Train-accuracy=0.999664
Epoch[377] Time cost=34.041
Epoch[377] Validation-accuracy=0.890625
Epoch[378] Train-accuracy=0.999496
Epoch[378] Time cost=33.959
Epoch[378] Validation-accuracy=0.895312
Epoch[379] Train-accuracy=0.999664
Epoch[379] Time cost=33.960
Epoch[379] Validation-accuracy=0.885938
Epoch[380] Train-accuracy=0.999832
Epoch[380] Time cost=33.952
Epoch[380] Validation-accuracy=0.898438
Saved checkpoint to "../../models/FaceAnti/mobilenetv2-1_0-0040.params"
Epoch[381] Train-accuracy=0.999496
Epoch[381] Time cost=34.017
Epoch[381] Validation-accuracy=0.898438
Epoch[382] Train-accuracy=0.999832
Epoch[382] Time cost=33.942
Epoch[382] Validation-accuracy=0.898438
Epoch[383] Train-accuracy=0.999832
Epoch[383] Time cost=33.962
Epoch[383] Validation-accuracy=0.892188
Epoch[384] Train-accuracy=0.999664
Epoch[384] Time cost=34.028
Epoch[384] Validation-accuracy=0.896875
Epoch[385] Train-accuracy=0.999496
Epoch[385] Time cost=33.943
Epoch[385] Validation-accuracy=0.892188
Epoch[386] Train-accuracy=0.999832
Epoch[386] Time cost=33.954
Epoch[386] Validation-accuracy=0.896875
Epoch[387] Train-accuracy=0.999160
Epoch[387] Time cost=33.961
Epoch[387] Validation-accuracy=0.900000
Epoch[388] Train-accuracy=0.999664
Epoch[388] Time cost=33.956
Epoch[388] Validation-accuracy=0.893750
Epoch[389] Train-accuracy=0.999832
Epoch[389] Time cost=33.984
Epoch[389] Validation-accuracy=0.914062
Epoch[390] Train-accuracy=0.999664
Epoch[390] Time cost=33.946
Epoch[390] Validation-accuracy=0.900000
Epoch[391] Train-accuracy=0.999664
Epoch[391] Time cost=33.944
Epoch[391] Validation-accuracy=0.893750
Saved checkpoint to "../../models/FaceAnti/mobilenetv2-1_0-0041.params"
Epoch[392] Train-accuracy=0.999664
Epoch[392] Time cost=33.996
Epoch[392] Validation-accuracy=0.895312
Epoch[393] Train-accuracy=0.999496
Epoch[393] Time cost=33.954
Epoch[393] Validation-accuracy=0.900000
Epoch[394] Train-accuracy=0.999496
Epoch[394] Time cost=33.955
Epoch[394] Validation-accuracy=0.889062
Epoch[395] Train-accuracy=0.999496
Epoch[395] Time cost=33.949
Epoch[395] Validation-accuracy=0.896875
Epoch[396] Train-accuracy=0.999664
Epoch[396] Time cost=33.920
Epoch[396] Validation-accuracy=0.884375
Epoch[397] Train-accuracy=0.999496
Epoch[397] Time cost=33.950
Epoch[397] Validation-accuracy=0.903125
Epoch[398] Train-accuracy=0.999664
Epoch[398] Time cost=33.950
Epoch[398] Validation-accuracy=0.895312
Epoch[399] Train-accuracy=0.999832
Epoch[399] Time cost=33.995
Epoch[399] Validation-accuracy=0.890625
Epoch[400] Train-accuracy=0.999664
Epoch[400] Time cost=33.960
Epoch[400] Validation-accuracy=0.900000
Epoch[401] Train-accuracy=0.999664
Epoch[401] Time cost=33.966
Epoch[401] Validation-accuracy=0.900000
Saved checkpoint to "../../models/FaceAnti/mobilenetv2-1_0-0042.params"
Epoch[402] Train-accuracy=0.999496
Epoch[402] Time cost=34.000
Epoch[402] Validation-accuracy=0.884375
Epoch[403] Train-accuracy=0.999664
Epoch[403] Time cost=33.941
Epoch[403] Validation-accuracy=0.893750
Epoch[404] Train-accuracy=0.999832
Epoch[404] Time cost=33.979
Epoch[404] Validation-accuracy=0.895312
Epoch[405] Train-accuracy=0.999664
Epoch[405] Time cost=33.962
Epoch[405] Validation-accuracy=0.895312
Epoch[406] Train-accuracy=0.999664
Epoch[406] Time cost=33.948
Epoch[406] Validation-accuracy=0.889062
Epoch[407] Train-accuracy=0.999664
Epoch[407] Time cost=33.949
Epoch[407] Validation-accuracy=0.889062
Epoch[408] Train-accuracy=0.999832
Epoch[408] Time cost=33.940
Epoch[408] Validation-accuracy=0.900000
Epoch[409] Train-accuracy=0.999832
Epoch[409] Time cost=33.992
Epoch[409] Validation-accuracy=0.900000
Epoch[410] Train-accuracy=0.999832
Epoch[410] Time cost=33.954
Epoch[410] Validation-accuracy=0.900000
Epoch[411] Train-accuracy=0.999832
Epoch[411] Time cost=33.941
Epoch[411] Validation-accuracy=0.896875
Epoch[412] Train-accuracy=0.999832
Epoch[412] Time cost=33.951
Epoch[412] Validation-accuracy=0.900000
Saved checkpoint to "../../models/FaceAnti/mobilenetv2-1_0-0043.params"
Epoch[413] Train-accuracy=0.999496
Epoch[413] Time cost=34.005
Epoch[413] Validation-accuracy=0.890625
Epoch[414] Train-accuracy=0.999496
Epoch[414] Time cost=34.014
Epoch[414] Validation-accuracy=0.892188
Epoch[415] Train-accuracy=0.999664
Epoch[415] Time cost=33.963
Epoch[415] Validation-accuracy=0.895312
Epoch[416] Train-accuracy=0.999496
Epoch[416] Time cost=33.938
Epoch[416] Validation-accuracy=0.895312
Epoch[417] Train-accuracy=0.999664
Epoch[417] Time cost=33.937
Epoch[417] Validation-accuracy=0.901563
Epoch[418] Train-accuracy=0.999832
Epoch[418] Time cost=33.939
Epoch[418] Validation-accuracy=0.893750
Epoch[419] Train-accuracy=0.999832
Epoch[419] Time cost=33.978
Epoch[419] Validation-accuracy=0.892188
Epoch[420] Train-accuracy=0.999664
Epoch[420] Time cost=33.960
Epoch[420] Validation-accuracy=0.898438
Epoch[421] Train-accuracy=0.999496
Epoch[421] Time cost=33.954
Epoch[421] Validation-accuracy=0.893750
Epoch[422] Train-accuracy=0.999664
Epoch[422] Time cost=33.975
Epoch[422] Validation-accuracy=0.895312
Epoch[423] Train-accuracy=0.999496
Epoch[423] Time cost=33.947
Epoch[423] Validation-accuracy=0.893750
Saved checkpoint to "../../models/FaceAnti/mobilenetv2-1_0-0044.params"
Epoch[424] Train-accuracy=0.999832
Epoch[424] Time cost=34.028
Epoch[424] Validation-accuracy=0.895312
Epoch[425] Train-accuracy=0.999664
Epoch[425] Time cost=33.974
Epoch[425] Validation-accuracy=0.896875
Epoch[426] Train-accuracy=0.999664
Epoch[426] Time cost=33.943
Epoch[426] Validation-accuracy=0.898438
Epoch[427] Train-accuracy=0.999664
Epoch[427] Time cost=33.960
Epoch[427] Validation-accuracy=0.892188
Epoch[428] Train-accuracy=0.999496
Epoch[428] Time cost=33.956
Epoch[428] Validation-accuracy=0.890625
Epoch[429] Train-accuracy=0.999496
Epoch[429] Time cost=33.957
Epoch[429] Validation-accuracy=0.901563
Epoch[430] Train-accuracy=0.999496
Epoch[430] Time cost=33.960
Epoch[430] Validation-accuracy=0.893750
Epoch[431] Train-accuracy=0.999496
Epoch[431] Time cost=33.966
Epoch[431] Validation-accuracy=0.903125
Epoch[432] Train-accuracy=0.999832
Epoch[432] Time cost=33.938
Epoch[432] Validation-accuracy=0.903125
Epoch[433] Train-accuracy=0.999496
Epoch[433] Time cost=33.975
Epoch[433] Validation-accuracy=0.887500
Epoch[434] Train-accuracy=0.999832
Epoch[434] Time cost=33.967
Epoch[434] Validation-accuracy=0.895312
Saved checkpoint to "../../models/FaceAnti/mobilenetv2-1_0-0045.params"
Epoch[435] Train-accuracy=0.999496
Epoch[435] Time cost=34.036
Epoch[435] Validation-accuracy=0.889062
Epoch[436] Train-accuracy=0.999496
Epoch[436] Time cost=33.948
Epoch[436] Validation-accuracy=0.890625
Epoch[437] Train-accuracy=0.999664
Epoch[437] Time cost=33.968
Epoch[437] Validation-accuracy=0.901563
Epoch[438] Train-accuracy=0.999664
Epoch[438] Time cost=33.958
Epoch[438] Validation-accuracy=0.903125
Epoch[439] Train-accuracy=0.999832
Epoch[439] Time cost=33.990
Epoch[439] Validation-accuracy=0.887500
Epoch[440] Train-accuracy=0.999664
Epoch[440] Time cost=33.952
Epoch[440] Validation-accuracy=0.901563
Epoch[441] Train-accuracy=0.999496
Epoch[441] Time cost=33.965
Epoch[441] Validation-accuracy=0.903125
Epoch[442] Train-accuracy=0.999664
Epoch[442] Time cost=33.982
Epoch[442] Validation-accuracy=0.900000
Epoch[443] Train-accuracy=0.999664
Epoch[443] Time cost=33.963
Epoch[443] Validation-accuracy=0.893750
Epoch[444] Train-accuracy=0.999664
Epoch[444] Time cost=33.963
Epoch[444] Validation-accuracy=0.895312
Saved checkpoint to "../../models/FaceAnti/mobilenetv2-1_0-0046.params"
Epoch[445] Train-accuracy=0.999832
Epoch[445] Time cost=34.030
Epoch[445] Validation-accuracy=0.901563
Epoch[446] Train-accuracy=0.999832
Epoch[446] Time cost=33.963
Epoch[446] Validation-accuracy=0.906250
Epoch[447] Train-accuracy=0.999664
Epoch[447] Time cost=33.957
Epoch[447] Validation-accuracy=0.887500
Epoch[448] Train-accuracy=0.999832
Epoch[448] Time cost=33.943
Epoch[448] Validation-accuracy=0.906250
Epoch[449] Train-accuracy=0.999496
Epoch[449] Time cost=33.942
Epoch[449] Validation-accuracy=0.895312
Epoch[450] Train-accuracy=0.999664
Epoch[450] Time cost=34.000
Epoch[450] Validation-accuracy=0.892188
Epoch[451] Train-accuracy=0.999496
Epoch[451] Time cost=33.959
Epoch[451] Validation-accuracy=0.887500
Epoch[452] Train-accuracy=0.999664
Epoch[452] Time cost=33.959
Epoch[452] Validation-accuracy=0.896875
Epoch[453] Train-accuracy=0.999496
Epoch[453] Time cost=33.926
Epoch[453] Validation-accuracy=0.900000
Epoch[454] Train-accuracy=0.999664
Epoch[454] Time cost=33.961
Epoch[454] Validation-accuracy=0.895312
Epoch[455] Train-accuracy=0.999664
Epoch[455] Time cost=33.986
Epoch[455] Validation-accuracy=0.893750
Saved checkpoint to "../../models/FaceAnti/mobilenetv2-1_0-0047.params"
Epoch[456] Train-accuracy=0.999832
Epoch[456] Time cost=34.014
Epoch[456] Validation-accuracy=0.890625
Epoch[457] Train-accuracy=0.999496
Epoch[457] Time cost=33.934
Epoch[457] Validation-accuracy=0.896875
Epoch[458] Train-accuracy=0.999664
Epoch[458] Time cost=33.938
Epoch[458] Validation-accuracy=0.893750
Epoch[459] Train-accuracy=0.999832
Epoch[459] Time cost=33.975
Epoch[459] Validation-accuracy=0.895312
Epoch[460] Train-accuracy=0.999832
Epoch[460] Time cost=33.960
Epoch[460] Validation-accuracy=0.896875
Epoch[461] Train-accuracy=0.999496
Epoch[461] Time cost=33.970
Epoch[461] Validation-accuracy=0.893750
Epoch[462] Train-accuracy=0.999664
Epoch[462] Time cost=33.953
Epoch[462] Validation-accuracy=0.898438
Epoch[463] Train-accuracy=0.999496
Epoch[463] Time cost=33.947
Epoch[463] Validation-accuracy=0.895312
Epoch[464] Train-accuracy=0.999664
Epoch[464] Time cost=33.950
Epoch[464] Validation-accuracy=0.896875
Epoch[465] Train-accuracy=0.999496
Epoch[465] Time cost=33.987
Epoch[465] Validation-accuracy=0.892188
Epoch[466] Train-accuracy=0.999664
Epoch[466] Time cost=33.941
Epoch[466] Validation-accuracy=0.889062
Saved checkpoint to "../../models/FaceAnti/mobilenetv2-1_0-0048.params"
Epoch[467] Train-accuracy=0.999832
Epoch[467] Time cost=34.000
Epoch[467] Validation-accuracy=0.890625
Epoch[468] Train-accuracy=0.999664
Epoch[468] Time cost=33.980
Epoch[468] Validation-accuracy=0.892188
Epoch[469] Train-accuracy=0.999664
Epoch[469] Time cost=33.942
Epoch[469] Validation-accuracy=0.889062
Epoch[470] Train-accuracy=0.999496
Epoch[470] Time cost=33.975
Epoch[470] Validation-accuracy=0.896875
Epoch[471] Train-accuracy=0.999664
Epoch[471] Time cost=33.947
Epoch[471] Validation-accuracy=0.895312
Epoch[472] Train-accuracy=0.999496
Epoch[472] Time cost=33.950
Epoch[472] Validation-accuracy=0.900000
Epoch[473] Train-accuracy=0.999496
Epoch[473] Time cost=33.950
Epoch[473] Validation-accuracy=0.895312
Epoch[474] Train-accuracy=0.999496
Epoch[474] Time cost=33.964
Epoch[474] Validation-accuracy=0.895312
Epoch[475] Train-accuracy=0.999664
Epoch[475] Time cost=33.982
Epoch[475] Validation-accuracy=0.892188
Epoch[476] Train-accuracy=0.999664
Epoch[476] Time cost=33.943
Epoch[476] Validation-accuracy=0.900000
Epoch[477] Train-accuracy=0.999664
Epoch[477] Time cost=33.980
Epoch[477] Validation-accuracy=0.898438
Saved checkpoint to "../../models/FaceAnti/mobilenetv2-1_0-0049.params"
Epoch[478] Train-accuracy=0.999832
Epoch[478] Time cost=34.009
Epoch[478] Validation-accuracy=0.901563
Epoch[479] Train-accuracy=0.999832
Epoch[479] Time cost=33.935
Epoch[479] Validation-accuracy=0.900000
